<?xml version="1.0" encoding="utf-8"?><testsuites name="pytest tests"><testsuite name="pytest" errors="0" failures="0" skipped="0" tests="14" time="4.075" timestamp="2026-09-21T09:11:33.805328+00:00" hostname="agent-env-09acf16a-7ac0-4f4f-bdd8-550445b492cb"><testcase classname="backend.tests.test_management_dashboard.TestAdminDashboard" name="test_admin_week" time="0.572" /><testcase classname="backend.tests.test_management_dashboard.TestAdminDashboard" name="test_admin_day" time="0.125" /><testcase classname="backend.tests.test_management_dashboard.TestAdminDashboard" name="test_admin_month" time="0.156" /><testcase classname="backend.tests.test_management_dashboard.TestAdminDashboard" name="test_invalid_period_falls_back_to_week" time="0.164" /><testcase classname="backend.tests.test_management_dashboard.TestRbac" name="test_dean_salim" time="0.497" /><testcase classname="backend.tests.test_management_dashboard.TestRbac" name="test_dept_head_saeed" time="0.477" /><testcase classname="backend.tests.test_management_dashboard.TestRbac" name="test_teacher_forbidden" time="0.481" /><testcase classname="backend.tests.test_management_dashboard.TestManualFilter" name="test_salim_own_dept" time="0.133" /><testcase classname="backend.tests.test_management_dashboard.TestManualFilter" name="test_salim_other_faculty_dept_forbidden" time="0.147" /><testcase classname="backend.tests.test_management_dashboard.TestManualFilter" name="test_salim_other_faculty_forbidden" time="0.121" /><testcase classname="backend.tests.test_management_dashboard.TestManualFilter" name="test_admin_filter_faculty" time="0.154" /><testcase classname="backend.tests.test_management_dashboard.TestExport" name="test_pdf_admin" time="0.421" /><testcase classname="backend.tests.test_management_dashboard.TestExport" name="test_excel_admin" time="0.430" /><testcase classname="backend.tests.test_management_dashboard.TestExport" name="test_export_forbidden_teacher" time="0.117" /></testsuite></testsuites>