<?xml version="1.0" encoding="utf-8"?><testsuites name="pytest tests"><testsuite name="pytest" errors="0" failures="0" skipped="0" tests="13" time="5.261" timestamp="2026-09-21T20:30:52.776508+00:00" hostname="agent-env-09acf16a-7ac0-4f4f-bdd8-550445b492cb"><testcase classname="backend.tests.test_management_dashboard_phase2.TestAdminPhase2" name="test_admin_week_has_phase2_keys" time="0.685" /><testcase classname="backend.tests.test_management_dashboard_phase2.TestAdminPhase2" name="test_admin_teachers_fixture" time="0.218" /><testcase classname="backend.tests.test_management_dashboard_phase2.TestAdminPhase2" name="test_admin_students_fixture" time="0.169" /><testcase classname="backend.tests.test_management_dashboard_phase2.TestAdminPhase2" name="test_admin_rooms_fixture" time="0.186" /><testcase classname="backend.tests.test_management_dashboard_phase2.TestPeriods" name="test_period_has_phase2[day]" time="0.180" /><testcase classname="backend.tests.test_management_dashboard_phase2.TestPeriods" name="test_period_has_phase2[month]" time="0.252" /><testcase classname="backend.tests.test_management_dashboard_phase2.TestScopePhase2" name="test_salim_scope" time="0.637" /><testcase classname="backend.tests.test_management_dashboard_phase2.TestScopePhase2" name="test_salim_invalid_dept_forbidden" time="0.147" /><testcase classname="backend.tests.test_management_dashboard_phase2.TestScopePhase2" name="test_saeed_scope" time="0.515" /><testcase classname="backend.tests.test_management_dashboard_phase2.TestScopePhase2" name="test_president_same_as_admin" time="0.718" /><testcase classname="backend.tests.test_management_dashboard_phase2.TestScopePhase2" name="test_teacher_forbidden" time="0.539" /><testcase classname="backend.tests.test_management_dashboard_phase2.TestExportPhase2" name="test_excel_has_phase2_sheets" time="0.293" /><testcase classname="backend.tests.test_management_dashboard_phase2.TestExportPhase2" name="test_pdf_admin_multipage" time="0.510" /></testsuite></testsuites>