<?xml version="1.0" encoding="utf-8"?><testsuites name="pytest tests"><testsuite name="pytest" errors="0" failures="0" skipped="0" tests="35" time="8.397" timestamp="2026-09-21T14:38:08.805267+00:00" hostname="agent-env-09acf16a-7ac0-4f4f-bdd8-550445b492cb"><testcase classname="backend.tests.test_president_readonly" name="test_president_login_payload" time="0.659" /><testcase classname="backend.tests.test_president_readonly" name="test_president_read_endpoints[/api/students]" time="0.190" /><testcase classname="backend.tests.test_president_readonly" name="test_president_read_endpoints[/api/teachers]" time="0.170" /><testcase classname="backend.tests.test_president_readonly" name="test_president_read_endpoints[/api/courses]" time="0.182" /><testcase classname="backend.tests.test_president_readonly" name="test_president_read_endpoints[/api/departments]" time="0.162" /><testcase classname="backend.tests.test_president_readonly" name="test_president_read_endpoints[/api/faculties]" time="0.160" /><testcase classname="backend.tests.test_president_readonly" name="test_president_read_endpoints[/api/reports/summary]" time="0.187" /><testcase classname="backend.tests.test_president_readonly" name="test_president_read_endpoints[/api/fees/stats]" time="0.187" /><testcase classname="backend.tests.test_president_readonly" name="test_president_read_endpoints[/api/fees/receipts]" time="0.178" /><testcase classname="backend.tests.test_president_readonly" name="test_president_read_endpoints[/api/activity-logs?limit=5]" time="0.152" /><testcase classname="backend.tests.test_president_readonly" name="test_president_read_endpoints[/api/lectures/all-schedule]" time="0.125" /><testcase classname="backend.tests.test_president_readonly" name="test_president_dashboard_management" time="0.173" /><testcase classname="backend.tests.test_president_readonly" name="test_president_dashboard_export[pdf]" time="0.409" /><testcase classname="backend.tests.test_president_readonly" name="test_president_dashboard_export[excel]" time="0.364" /><testcase classname="backend.tests.test_president_readonly" name="test_president_write_blocked[POST-/api/students-body0]" time="0.140" /><testcase classname="backend.tests.test_president_readonly" name="test_president_write_blocked[PUT-/api/courses/anyid-body1]" time="0.158" /><testcase classname="backend.tests.test_president_readonly" name="test_president_write_blocked[DELETE-/api/students/anyid-None]" time="0.233" /><testcase classname="backend.tests.test_president_readonly" name="test_president_write_blocked[POST-/api/fees/receipts/anyid/approve-body3]" time="0.136" /><testcase classname="backend.tests.test_president_readonly" name="test_president_write_blocked[POST-/api/notifications/manual-body4]" time="0.212" /><testcase classname="backend.tests.test_president_readonly" name="test_president_write_blocked[PUT-/api/lectures/anyid-body5]" time="0.145" /><testcase classname="backend.tests.test_president_readonly" name="test_president_write_blocked[POST-/api/users-body6]" time="0.140" /><testcase classname="backend.tests.test_president_readonly" name="test_admin_not_readonly_blocked[POST-/api/students-body0]" time="0.577" /><testcase classname="backend.tests.test_president_readonly" name="test_admin_not_readonly_blocked[PUT-/api/courses/anyid-body1]" time="0.230" /><testcase classname="backend.tests.test_president_readonly" name="test_admin_not_readonly_blocked[DELETE-/api/students/anyid-None]" time="0.174" /><testcase classname="backend.tests.test_president_readonly" name="test_admin_not_readonly_blocked[POST-/api/fees/receipts/anyid/approve-body3]" time="0.158" /><testcase classname="backend.tests.test_president_readonly" name="test_admin_not_readonly_blocked[POST-/api/notifications/manual-body4]" time="0.133" /><testcase classname="backend.tests.test_president_readonly" name="test_admin_not_readonly_blocked[PUT-/api/lectures/anyid-body5]" time="0.129" /><testcase classname="backend.tests.test_president_readonly" name="test_admin_not_readonly_blocked[POST-/api/users-body6]" time="0.155" /><testcase classname="backend.tests.test_president_readonly" name="test_president_notifications_read_all" time="0.181" /><testcase classname="backend.tests.test_president_readonly" name="test_president_change_password_wrong_current" time="0.411" /><testcase classname="backend.tests.test_president_readonly" name="test_president_renewal_status" time="0.165" /><testcase classname="backend.tests.test_president_readonly" name="test_president_record_view" time="0.210" /><testcase classname="backend.tests.test_president_readonly" name="test_admin_renewal_status_ok" time="0.185" /><testcase classname="backend.tests.test_president_readonly" name="test_dean_dashboard_scope" time="0.620" /><testcase classname="backend.tests.test_president_readonly" name="test_teacher_dashboard_forbidden" time="0.524" /></testsuite></testsuites>