<?xml version="1.0" encoding="utf-8"?><testsuites name="pytest tests"><testsuite name="pytest" errors="0" failures="0" skipped="0" tests="10" time="1.243" timestamp="2026-08-09T13:07:54.947205+00:00" hostname="agent-env-09acf16a-7ac0-4f4f-bdd8-550445b492cb"><testcase classname="tests.test_orphan_lectures_admin_tools.TestPreview" name="test_preview_structure" time="0.428" /><testcase classname="tests.test_orphan_lectures_admin_tools.TestPreview" name="test_execute_dry_run" time="0.083" /><testcase classname="tests.test_orphan_lectures_admin_tools.TestUnmatched" name="test_unmatched_structure" time="0.083" /><testcase classname="tests.test_orphan_lectures_admin_tools.TestUnmatched" name="test_unmatched_matches_preview" time="0.174" /><testcase classname="tests.test_orphan_lectures_admin_tools.TestUnmatched" name="test_unmatched_requires_auth" time="0.113" /><testcase classname="tests.test_orphan_lectures_admin_tools.TestResolveValidation" name="test_empty_lecture_ids_400" time="0.048" /><testcase classname="tests.test_orphan_lectures_admin_tools.TestResolveValidation" name="test_assign_without_semester_400" time="0.125" /><testcase classname="tests.test_orphan_lectures_admin_tools.TestResolveValidation" name="test_bad_action_400" time="0.046" /><testcase classname="tests.test_orphan_lectures_admin_tools.TestResolveValidation" name="test_invalid_object_ids_400" time="0.046" /><testcase classname="tests.test_orphan_lectures_admin_tools.TestResolveValidation" name="test_assign_unknown_semester_404" time="0.046" /></testsuite></testsuites>