<?xml version="1.0" encoding="utf-8"?><testsuites name="pytest tests"><testsuite name="pytest" errors="0" failures="1" skipped="0" tests="14" time="2.373" timestamp="2026-08-12T23:28:47.179757+00:00" hostname="agent-env-09acf16a-7ac0-4f4f-bdd8-550445b492cb"><testcase classname="tests.test_export_custom_duration" name="test_add_minutes_helper" time="0.372" /><testcase classname="tests.test_export_custom_duration.TestVisualExports" name="test_export_visual_pdf" time="0.560" /><testcase classname="tests.test_export_custom_duration.TestVisualExports" name="test_export_visual_excel" time="0.231" /><testcase classname="tests.test_export_custom_duration.TestMasterExports" name="test_master_pdf" time="0.151" /><testcase classname="tests.test_export_custom_duration.TestMasterExports" name="test_master_excel" time="0.076" /><testcase classname="tests.test_export_custom_duration.TestMasterExports" name="test_master_excel_missing_faculty_id" time="0.045" /><testcase classname="tests.test_export_custom_duration.TestDurationUpdateRoundTrip" name="test_set_and_clear_duration" time="0.317" /><testcase classname="tests.test_export_custom_duration.TestDurationUpdateRoundTrip" name="test_seeded_slot_intact" time="0.061" /><testcase classname="tests.test_export_custom_duration.TestDurationUpdateRoundTrip" name="test_list_endpoint_exposes_duration" time="0.049"><failure message="AssertionError: duration_minutes not returned by list endpoint: keys=['course_code', 'course_id', 'course_name', 'day', 'department_id', 'department_name', 'faculty_id', 'id', 'level', 'merge_group_id', 'merged_with', 'room_id', 'room_name', 'section', 'slot_number', 'teacher_id', 'teacher_name']&#10;assert None == 75&#10; +  where None = &lt;built-in method get of dict object at 0xfe00e6f42e80&gt;('duration_minutes')&#10; +    where &lt;built-in method get of dict object at 0xfe00e6f42e80&gt; = {'course_code': 'Aq', 'course_id': '698f82b0539792f8917b7bd8', 'course_name': 'عقيدة', 'day': 'السبت', ...}.get">E   AssertionError: duration_minutes not returned by list endpoint: keys=['course_code', 'course_id', 'course_name', 'day', 'department_id', 'department_name', 'faculty_id', 'id', 'level', 'merge_group_id', 'merged_with', 'room_id', 'room_name', 'section', 'slot_number', 'teacher_id', 'teacher_name']
    assert None == 75
     +  where None = &lt;built-in method get of dict object at 0xfe00e6f42e80&gt;('duration_minutes')
     +    where &lt;built-in method get of dict object at 0xfe00e6f42e80&gt; = {'course_code': 'Aq', 'course_id': '698f82b0539792f8917b7bd8', 'course_name': 'عقيدة', 'day': 'السبت', ...}.get</failure></testcase><testcase classname="tests.test_export_custom_duration.TestFilteredExports" name="test_visual_excel_filtered_by_dept_level" time="0.056" /><testcase classname="tests.test_export_custom_duration.TestFilteredExports" name="test_visual_pdf_filtered_by_dept_level" time="0.094" /><testcase classname="tests.test_export_custom_duration.TestFilteredExports" name="test_master_pdf_filtered_by_dept" time="0.106" /><testcase classname="tests.test_export_custom_duration.TestFilteredExports" name="test_master_pdf_unknown_faculty_no_crash" time="0.044" /><testcase classname="tests.test_export_custom_duration.TestFilteredExports" name="test_exports_require_auth" time="0.142" /></testsuite></testsuites>