<?xml version="1.0" encoding="utf-8"?><testsuites name="pytest tests"><testsuite name="pytest" errors="0" failures="0" skipped="0" tests="21" time="8.927" timestamp="2026-07-29T22:58:08.421740+00:00" hostname="agent-env-09acf16a-7ac0-4f4f-bdd8-550445b492cb"><testcase classname="tests.test_student_cards.TestCardData" name="test_get_student_card" time="0.667" /><testcase classname="tests.test_student_cards.TestCardData" name="test_card_404_invalid_id" time="0.052" /><testcase classname="tests.test_student_cards.TestCardData" name="test_card_requires_auth" time="0.105" /><testcase classname="tests.test_student_cards.TestCardSettings" name="test_get_put_template" time="0.576" /><testcase classname="tests.test_student_cards.TestPhotos" name="test_admin_upload_photo_immediate" time="0.901" /><testcase classname="tests.test_student_cards.TestPhotos" name="test_reject_bad_content_type" time="0.053" /><testcase classname="tests.test_student_cards.TestPhotos" name="test_student_photo_pending_and_approve" time="0.957" /><testcase classname="tests.test_student_cards.TestPhotos" name="test_student_photo_reject" time="0.786" /><testcase classname="tests.test_student_cards.TestPhotos" name="test_student_cannot_list_pending" time="0.053" /><testcase classname="tests.test_student_cards.TestPublicVerify" name="test_verify_active_student_valid" time="0.157" /><testcase classname="tests.test_student_cards.TestPublicVerify" name="test_verify_alumni_invalid" time="0.176" /><testcase classname="tests.test_student_cards.TestPublicVerify" name="test_verify_random_token" time="0.116" /><testcase classname="tests.test_student_cards.TestPublicVerify" name="test_public_card_photo" time="0.442" /><testcase classname="tests.test_student_cards.TestPublicVerify" name="test_public_card_photo_bad_token" time="0.120" /><testcase classname="tests.test_student_cards.TestDownload" name="test_download_png_pdf_all_templates[green]" time="1.294" /><testcase classname="tests.test_student_cards.TestDownload" name="test_download_png_pdf_all_templates[dark]" time="0.996" /><testcase classname="tests.test_student_cards.TestDownload" name="test_download_png_pdf_all_templates[horizontal]" time="1.057" /><testcase classname="tests.test_student_cards.TestDownload" name="test_download_bad_fmt" time="0.052" /><testcase classname="tests.test_student_cards.TestQrScanner" name="test_qr_lookup_by_card_token" time="0.108" /><testcase classname="tests.test_student_cards.TestQrScanner" name="test_qr_lookup_legacy_qr_code" time="0.116" /><testcase classname="tests.test_student_cards.TestQrScanner" name="test_qr_lookup_unknown" time="0.055" /></testsuite></testsuites>