<?xml version="1.0" encoding="utf-8"?><testsuites name="pytest tests"><testsuite name="pytest" errors="0" failures="0" skipped="0" tests="5" time="1.328" timestamp="2026-08-09T20:33:32.799863+00:00" hostname="agent-env-09acf16a-7ac0-4f4f-bdd8-550445b492cb"><testcase classname="tests.test_teachers_export_selected_pdf" name="test_export_pdf_success" time="0.761" /><testcase classname="tests.test_teachers_export_selected_pdf" name="test_export_pdf_empty_ids" time="0.148" /><testcase classname="tests.test_teachers_export_selected_pdf" name="test_export_pdf_no_token" time="0.101" /><testcase classname="tests.test_teachers_export_selected_pdf" name="test_export_pdf_bad_token" time="0.098" /><testcase classname="tests.test_teachers_export_selected_pdf" name="test_export_excel_regression" time="0.164" /></testsuite></testsuites>