<?xml version="1.0" encoding="utf-8"?><testsuites name="pytest tests"><testsuite name="pytest" errors="0" failures="0" skipped="0" tests="15" time="1.768" timestamp="2026-08-22T17:09:13.748240+00:00" hostname="agent-env-09acf16a-7ac0-4f4f-bdd8-550445b492cb"><testcase classname="tests.test_teacher_attendance_report.TestTeacherAttendanceReport" name="test_requires_auth" time="0.200" /><testcase classname="tests.test_teacher_attendance_report.TestTeacherAttendanceReport" name="test_shape_and_summary_consistency" time="0.416" /><testcase classname="tests.test_teacher_attendance_report.TestTeacherAttendanceReport" name="test_has_data_for_range" time="0.000" /><testcase classname="tests.test_teacher_attendance_report.TestTeacherAttendanceReport" name="test_no_mongo_object_id_leak" time="0.000" /><testcase classname="tests.test_teacher_attendance_report.TestTeacherAttendanceReport" name="test_lecture_items_fields_and_status" time="0.000" /><testcase classname="tests.test_teacher_attendance_report.TestTeacherAttendanceReport" name="test_teacher_grouping_totals_match_flat_list" time="0.000" /><testcase classname="tests.test_teacher_attendance_report.TestTeacherAttendanceReport" name="test_default_dates_is_today" time="0.047" /><testcase classname="tests.test_teacher_attendance_report.TestTeacherAttendanceReport" name="test_faculty_filter_reduces_or_equals" time="0.102" /><testcase classname="tests.test_teacher_attendance_report.TestTeacherAttendanceReport" name="test_department_filter" time="0.094" /><testcase classname="tests.test_teacher_attendance_report.TestTeacherAttendanceReport" name="test_invalid_date_format_does_not_500" time="0.048" /><testcase classname="tests.test_teacher_attendance_report.TestTeacherAttendanceReport" name="test_reversed_range_returns_empty" time="0.045" /><testcase classname="tests.test_teacher_attendance_report.TestTeacherAttendanceExports" name="test_excel_export" time="0.110" /><testcase classname="tests.test_teacher_attendance_report.TestTeacherAttendanceExports" name="test_pdf_export" time="0.262" /><testcase classname="tests.test_teacher_attendance_report.TestTeacherAttendanceExports" name="test_exports_require_auth" time="0.265" /><testcase classname="tests.test_teacher_attendance_report.TestTeacherAttendanceExports" name="test_export_with_filters" time="0.111" /></testsuite></testsuites>